<?xml version="1.0" encoding="UTF-8"?>
<testsuite name="org.assignment.parkingLot.StadiumParkingLotTest" tests="4" skipped="0" failures="0" errors="0" timestamp="2023-05-15T04:46:08" hostname="ahariharan-mbp" time="0.033">
  <properties/>
  <testcase name="shouldAllocateParkingSpotsForTwoWheelersAndFourWheelersAndReturnErrorMessageForTrucks()" classname="org.assignment.parkingLot.StadiumParkingLotTest" time="0.022"/>
  <testcase name="shouldUnAllocateParkingSpotForFourWheelersAndReturnFees()" classname="org.assignment.parkingLot.StadiumParkingLotTest" time="0.004"/>
  <testcase name="shouldAllocateParkingSpotsAndReturnSpotNumbers()" classname="org.assignment.parkingLot.StadiumParkingLotTest" time="0.002"/>
  <testcase name="shouldUnAllocateParkingSpotForTwoWheelersAndReturnFees()" classname="org.assignment.parkingLot.StadiumParkingLotTest" time="0.002"/>
  <system-out><![CDATA[]]></system-out>
  <system-err><![CDATA[]]></system-err>
</testsuite>
