<?xml version="1.0" encoding="UTF-8"?>
<testsuite name="org.assignment.parkingLot.MallParkingLotTest2" tests="2" skipped="0" failures="0" errors="0" timestamp="2023-05-15T04:46:08" hostname="ahariharan-mbp" time="0.004">
  <properties/>
  <testcase name="shouldAllocateParkingSpotsAndReturnSpotNumbers()" classname="org.assignment.parkingLot.MallParkingLotTest2" time="0.001"/>
  <testcase name="shouldUnAllocateParkingSpotsAndReturnFees()" classname="org.assignment.parkingLot.MallParkingLotTest2" time="0.002"/>
  <system-out><![CDATA[]]></system-out>
  <system-err><![CDATA[]]></system-err>
</testsuite>
